<?xml version="1.0" encoding="UTF-8" ?>
<testsuite tests="8" failures="5" name="TestSuite" time="375.146" errors="0" skipped="2">
  <properties>
[...]
</properties>
  <testcase classname="com.qtpselenium.rediff.hybrid.testcases.stocksuite.BuySellStockTest" name="buyOrSellStockTest" time="43.772">
    <failure type="java.lang.reflect.InvocationTargetException">java.lang.reflect.InvocationTargetException
	at sun.reflect.NativeMethodAccessorImpl.invoke0(Native Method)
	at sun.reflect.NativeMethodAccessorImpl.invoke(NativeMethodAccessorImpl.java:62)
	at sun.reflect.DelegatingMethodAccessorImpl.invoke(DelegatingMethodAccessorImpl.java:43)
	at java.lang.reflect.Method.invoke(Method.java:498)
	at com.qtpselenium.rediff.hybrid.driver.DriverScript.executeKeywords(DriverScript.java:47)
	at com.qtpselenium.rediff.hybrid.testcases.stocksuite.BuySellStockTest.buyOrSellStockTest(BuySellStockTest.java:23)
Caused by: java.lang.AssertionError: The following asserts failed:
	Option not found in list ashish
	at org.testng.asserts.SoftAssert.assertAll(SoftAssert.java:43)
	at com.qtpselenium.rediff.hybrid.keywords.GenericKeywords.reportFailure(GenericKeywords.java:348)
	at com.qtpselenium.rediff.hybrid.keywords.GenericKeywords.select(GenericKeywords.java:167)
	... 26 more
</failure>
    <system-out>[TestNGContentHandler] [WARN] It is strongly recommended to add &quot;&lt;!DOCTYPE suite SYSTEM &quot;http://testng.org/testng-1.0.dtd&quot; &gt;&quot; at the top of your file, otherwise TestNG may fail or not work as expected.
*** BuySellStockTest
D:\SeleniumSetup\HybridRediff\Files\StockSuite.xlsx
*** LoginTest
D:\SeleniumSetup\HybridRediff\Files\PortfolioSuite.xlsx
*** AddDelStockTest
D:\SeleniumSetup\HybridRediff\Files\StockSuite.xlsx
*** PortFolioTest
D:\SeleniumSetup\HybridRediff\Files\PortfolioSuite.xlsx
LoginTest
AddStockTest
AddStockTest
Row Number of test is 1
LoginTest
Row Number of test is 1
Row Number of test is 5
Total Cols - 3
Row Number of test is 9
Total Cols - 8
Total Rows 1
{Date=5/03/2018, Action=Sell, PurchasePrice=200, PortfolioName=ashish, Runmode=Y, Stock Name=Reliance Inds., Quantity=100, Browser=Chrome}
----------------
Total Cols - 7
Total Rows 1
Total Rows 2
{PortfolioName=SamplePort1311, Runmode=Y, Browser=Chrome}
----------------
{PortfolioName=SamplePort1411, Runmode=Y, Browser=Mozilla}
----------------
{Date=5/03/2018, PurchasePrice=200, PortfolioName=ashish, Runmode=Y, Stock Name=Tata Steel Ltd, Quantity=100, Browser=Chrome}
----------------
Total Cols - 5
Total Rows 1
{Username=ashishthakur1983, ExpectedResult=Loginsuccess, Password=pass@1234, Runmode=Y, Browser=Chrome}
----------------
D:\SeleniumSetup\HybridRediff\report\Mon_Jul_09_17_08_48_IST_2018//Report.html
D:\SeleniumSetup\HybridRediff\report\Mon_Jul_09_17_08_48_IST_2018//Report.html
D:\SeleniumSetup\HybridRediff\report\Mon_Jul_09_17_08_48_IST_2018//Report.html
D:\SeleniumSetup\HybridRediff\report\Mon_Jul_09_17_08_48_IST_2018//Report.html
Rows 25
Rows 22
Rows 22
Rows 25
</system-out>
    <system-err>Jul 09, 2018 5:08:48 PM org.openqa.selenium.remote.DesiredCapabilities chrome
INFO: Using `new ChromeOptions()` is preferred to `DesiredCapabilities.chrome()`
Jul 09, 2018 5:08:48 PM org.openqa.selenium.remote.DesiredCapabilities chrome
INFO: Using `new ChromeOptions()` is preferred to `DesiredCapabilities.chrome()`
Jul 09, 2018 5:08:48 PM org.openqa.selenium.remote.DesiredCapabilities chrome
INFO: Using `new ChromeOptions()` is preferred to `DesiredCapabilities.chrome()`
Jul 09, 2018 5:08:48 PM org.openqa.selenium.remote.DesiredCapabilities chrome
INFO: Using `new ChromeOptions()` is preferred to `DesiredCapabilities.chrome()`
Jul 09, 2018 5:08:52 PM org.openqa.selenium.remote.ProtocolHandshake createSession
INFO: Detected dialect: OSS
Jul 09, 2018 5:08:52 PM org.openqa.selenium.remote.ProtocolHandshake createSession
INFO: Detected dialect: OSS
</system-err>
  </testcase>
  <testcase classname="com.qtpselenium.rediff.hybrid.testcases.stocksuite.BuySellStockTest" name="checkTransactionHistoryTest" time="44.644">
    <skipped/>
    <system-err>log4j:WARN No appenders could be found for logger (freemarker.cache).
log4j:WARN Please initialize the log4j system properly.
</system-err>
  </testcase>
  <testcase classname="com.qtpselenium.rediff.hybrid.testcases.stocksuite.AddDelStockTest" name="addStockTest" time="45.788">
    <failure type="java.lang.reflect.InvocationTargetException">java.lang.reflect.InvocationTargetException
	at sun.reflect.NativeMethodAccessorImpl.invoke0(Native Method)
	at sun.reflect.NativeMethodAccessorImpl.invoke(NativeMethodAccessorImpl.java:62)
	at sun.reflect.DelegatingMethodAccessorImpl.invoke(DelegatingMethodAccessorImpl.java:43)
	at java.lang.reflect.Method.invoke(Method.java:498)
	at com.qtpselenium.rediff.hybrid.driver.DriverScript.executeKeywords(DriverScript.java:47)
	at com.qtpselenium.rediff.hybrid.testcases.stocksuite.AddDelStockTest.addStockTest(AddDelStockTest.java:24)
Caused by: java.lang.AssertionError: The following asserts failed:
	Option not found in list ashish
	at org.testng.asserts.SoftAssert.assertAll(SoftAssert.java:43)
	at com.qtpselenium.rediff.hybrid.keywords.GenericKeywords.reportFailure(GenericKeywords.java:348)
	at com.qtpselenium.rediff.hybrid.keywords.GenericKeywords.select(GenericKeywords.java:167)
	... 26 more
</failure>
  </testcase>
  <testcase classname="com.qtpselenium.rediff.hybrid.testcases.portfoliosuite.LoginTest" name="loginTest" time="40.551"/>
  <testcase classname="com.qtpselenium.rediff.hybrid.testcases.portfoliosuite.PortFolioTest" name="createPortFolioTest" time="52.525">
    <failure type="java.lang.reflect.InvocationTargetException">java.lang.reflect.InvocationTargetException
	at sun.reflect.NativeMethodAccessorImpl.invoke0(Native Method)
	at sun.reflect.NativeMethodAccessorImpl.invoke(NativeMethodAccessorImpl.java:62)
	at sun.reflect.DelegatingMethodAccessorImpl.invoke(DelegatingMethodAccessorImpl.java:43)
	at java.lang.reflect.Method.invoke(Method.java:498)
	at com.qtpselenium.rediff.hybrid.driver.DriverScript.executeKeywords(DriverScript.java:47)
	at com.qtpselenium.rediff.hybrid.testcases.portfoliosuite.PortFolioTest.createPortFolioTest(PortFolioTest.java:25)
Caused by: java.lang.AssertionError: The following asserts failed:
	Values Dont match. Got value as 25Port
	at org.testng.asserts.SoftAssert.assertAll(SoftAssert.java:43)
	at com.qtpselenium.rediff.hybrid.keywords.GenericKeywords.reportFailure(GenericKeywords.java:348)
	at com.qtpselenium.rediff.hybrid.keywords.GenericKeywords.waitTillSelectionToBe(GenericKeywords.java:269)
	at com.qtpselenium.rediff.hybrid.keywords.AppKeywords.verifyPortFolio(AppKeywords.java:75)
	... 26 more
</failure>
    <system-err>Jul 09, 2018 5:10:18 PM org.openqa.selenium.remote.ProtocolHandshake createSession
INFO: Detected dialect: OSS
</system-err>
  </testcase>
  <testcase classname="com.qtpselenium.rediff.hybrid.testcases.stocksuite.AddDelStockTest" name="deleteStockTest" time="29.082">
    <failure type="java.lang.reflect.InvocationTargetException">java.lang.reflect.InvocationTargetException
	at sun.reflect.NativeMethodAccessorImpl.invoke0(Native Method)
	at sun.reflect.NativeMethodAccessorImpl.invoke(NativeMethodAccessorImpl.java:62)
	at sun.reflect.DelegatingMethodAccessorImpl.invoke(DelegatingMethodAccessorImpl.java:43)
	at java.lang.reflect.Method.invoke(Method.java:498)
	at com.qtpselenium.rediff.hybrid.driver.DriverScript.executeKeywords(DriverScript.java:47)
	at com.qtpselenium.rediff.hybrid.testcases.stocksuite.AddDelStockTest.deleteStockTest(AddDelStockTest.java:37)
Caused by: java.lang.AssertionError: The following asserts failed:
	Option not found in list ashish
	at org.testng.asserts.SoftAssert.assertAll(SoftAssert.java:43)
	at com.qtpselenium.rediff.hybrid.keywords.GenericKeywords.reportFailure(GenericKeywords.java:348)
	at com.qtpselenium.rediff.hybrid.keywords.GenericKeywords.select(GenericKeywords.java:167)
	... 26 more
</failure>
    <system-out>Rows 22
</system-out>
    <system-err>Jul 09, 2018 5:10:27 PM org.openqa.selenium.remote.DesiredCapabilities firefox
INFO: Using `new FirefoxOptions()` is preferred to `DesiredCapabilities.firefox()`
Jul 09, 2018 5:10:35 PM org.openqa.selenium.remote.ProtocolHandshake createSession
INFO: Detected dialect: W3C
</system-err>
  </testcase>
  <testcase classname="com.qtpselenium.rediff.hybrid.testcases.portfoliosuite.PortFolioTest" name="createPortFolioTest" time="58.78">
    <failure type="java.lang.reflect.InvocationTargetException">java.lang.reflect.InvocationTargetException
	at sun.reflect.NativeMethodAccessorImpl.invoke0(Native Method)
	at sun.reflect.NativeMethodAccessorImpl.invoke(NativeMethodAccessorImpl.java:62)
	at sun.reflect.DelegatingMethodAccessorImpl.invoke(DelegatingMethodAccessorImpl.java:43)
	at java.lang.reflect.Method.invoke(Method.java:498)
	at com.qtpselenium.rediff.hybrid.driver.DriverScript.executeKeywords(DriverScript.java:47)
	at com.qtpselenium.rediff.hybrid.testcases.portfoliosuite.PortFolioTest.createPortFolioTest(PortFolioTest.java:25)
Caused by: java.lang.AssertionError: The following asserts failed:
	Values Dont match. Got value as 25Port
	at org.testng.asserts.SoftAssert.assertAll(SoftAssert.java:43)
	at com.qtpselenium.rediff.hybrid.keywords.GenericKeywords.reportFailure(GenericKeywords.java:348)
	at com.qtpselenium.rediff.hybrid.keywords.GenericKeywords.waitTillSelectionToBe(GenericKeywords.java:269)
	at com.qtpselenium.rediff.hybrid.keywords.AppKeywords.verifyPortFolio(AppKeywords.java:75)
	... 26 more
</failure>
    <system-out>complete
0
</system-out>
  </testcase>
  <testcase classname="com.qtpselenium.rediff.hybrid.testcases.portfoliosuite.PortFolioTest" name="deletePortFolioTest" time="60.004">
    <skipped/>
  </testcase>
</testsuite>